<?xml version="1.0" encoding="UTF-8"?>
<!-- Generated by org.testng.reporters.JUnitReportReporter -->
<testsuite hostname="LAPTOP-7TR7NGPB" failures="0" tests="3" name="testNGPractice.DataproviderExample" time="0.006" errors="0" timestamp="2023-08-30T07:34:10 AEST" skipped="0">
  <testcase classname="testNGPractice.DataproviderExample" name="dataprovidermetho" time="0.004"/>
  <system-out/>
  <testcase classname="testNGPractice.DataproviderExample" name="dataprovidermetho" time="0.002"/>
  <system-out/>
  <testcase classname="testNGPractice.DataproviderExample" name="dataprovidermetho" time="0.000"/>
  <system-out/>
</testsuite> <!-- testNGPractice.DataproviderExample -->
