<?xml version="1.0" encoding="UTF-8"?>
<!-- Generated by org.testng.reporters.JUnitReportReporter -->
<testsuite hostname="LAPTOP-7TR7NGPB" failures="0" tests="3" name="testNGPractice.TestNGClass" time="0.008" errors="0" timestamp="2023-08-11T11:27:59 AEST" skipped="0">
  <testcase classname="testNGPractice.TestNGClass" name="modifyProductName" time="0.005"/>
  <system-out/>
  <testcase classname="testNGPractice.TestNGClass" name="createProductName" time="0.002"/>
  <system-out/>
  <testcase classname="testNGPractice.TestNGClass" name="deleteProductName" time="0.001"/>
  <system-out/>
</testsuite> <!-- testNGPractice.TestNGClass -->
