<?xml version="1.0" encoding="UTF-8"?>
<!-- Generated by org.testng.reporters.JUnitReportReporter -->
<testsuite hostname="LAPTOP-7TR7NGPB" failures="0" tests="1" name="Campaignvtiger.CreateCampaignWithProduct" time="27.590" errors="0" timestamp="2023-08-18T08:19:56 AEST" skipped="0">
  <testcase classname="Campaignvtiger.CreateCampaignWithProduct" name="createCampaignWithProduct" time="27.590"/>
  <system-out/>
</testsuite> <!-- Campaignvtiger.CreateCampaignWithProduct -->
